<?xml version="1.0" encoding="UTF-8"?>
<testsuite name="(empty)"
	tests="2"
	failures="0"
	disabled="0"
	skipped="0"
	hostname=""
	time="5"
	timestamp="2026-09-21T10:37:25"
	>
	<testcase name="python_a1_oracle_export" classname="python_a1_oracle_export" time="1.46335" status="run">
		<properties/>
		<system-out>{"worlds": 65536, "raw_rays": 512, "ray_world_comparisons": 33554432, "local_support_cases": 98304, "local_support_sha256": "7874e298bb19ab57d23312f4c27481e3b5929421e6edee1d68f891014442ff5b", "python": "3.12.14 (main, Aug 25 2026, 14:00:49) [Clang 22.1.3 ]", "numpy": "2.3.5", "reference_sha256": "204af7f3adc9c9e09e1475cfdacb49621ce1d1e1ea3d6e92031c007c3d01126f", "export_seconds": 1.3537369400000898}
</system-out>
	</testcase>
	<testcase name="python_a1_constraint_agreement" classname="python_a1_constraint_agreement" time="3.99579" status="run">
		<properties/>
		<system-out>98304 exhaustive A1 local-support cases; restricted/empty domains, contradictions and ambiguity checked
PASS
</system-out>
	</testcase>
</testsuite>
